<?xml version="1.0" encoding="UTF-8"?>
<!-- Generated by org.testng.reporters.JUnitReportReporter -->
<testsuite hostname="DESKTOP-FQEJNI0" failures="0" tests="2" name="test.Cases.CheckOutAndConfirmOrderTest" time="39.904" errors="0" timestamp="11 May 2023 17:02:43 GMT" skipped="0">
  <testcase classname="test.Cases.CheckOutAndConfirmOrderTest" name="LoginIn" time="10.868"/>
  <testcase classname="test.Cases.CheckOutAndConfirmOrderTest" name="ShopItemAndCheckOut" time="29.036"/>
</testsuite> <!-- test.Cases.CheckOutAndConfirmOrderTest -->
